c:\users\asus\desktop\ktlt-decuoiki\clc-2324\clc-2324\x64\debug\vc143.pdb
c:\users\asus\desktop\ktlt-decuoiki\clc-2324\clc-2324\x64\debug\vc143.idb
c:\users\asus\desktop\ktlt-decuoiki\clc-2324\clc-2324\x64\debug\function.obj
c:\users\asus\desktop\ktlt-decuoiki\clc-2324\clc-2324\x64\debug\clc-2324.obj
c:\users\asus\desktop\ktlt-decuoiki\clc-2324\clc-2324\x64\debug\clc-2324.ilk
c:\users\asus\desktop\ktlt-decuoiki\clc-2324\x64\debug\clc-2324.pdb
c:\users\asus\desktop\ktlt-decuoiki\clc-2324\clc-2324\x64\debug\clc-2324.tlog\cl.command.1.tlog
c:\users\asus\desktop\ktlt-decuoiki\clc-2324\clc-2324\x64\debug\clc-2324.tlog\cl.items.tlog
c:\users\asus\desktop\ktlt-decuoiki\clc-2324\clc-2324\x64\debug\clc-2324.tlog\cl.read.1.tlog
c:\users\asus\desktop\ktlt-decuoiki\clc-2324\clc-2324\x64\debug\clc-2324.tlog\cl.write.1.tlog
c:\users\asus\desktop\ktlt-decuoiki\clc-2324\clc-2324\x64\debug\clc-2324.tlog\link.20412-cvtres.read.1.tlog
c:\users\asus\desktop\ktlt-decuoiki\clc-2324\clc-2324\x64\debug\clc-2324.tlog\link.20412-cvtres.write.1.tlog
c:\users\asus\desktop\ktlt-decuoiki\clc-2324\clc-2324\x64\debug\clc-2324.tlog\link.20412-rc.read.1.tlog
c:\users\asus\desktop\ktlt-decuoiki\clc-2324\clc-2324\x64\debug\clc-2324.tlog\link.20412-rc.write.1.tlog
c:\users\asus\desktop\ktlt-decuoiki\clc-2324\clc-2324\x64\debug\clc-2324.tlog\link.20412.read.1.tlog
c:\users\asus\desktop\ktlt-decuoiki\clc-2324\clc-2324\x64\debug\clc-2324.tlog\link.20412.read.2.tlog
c:\users\asus\desktop\ktlt-decuoiki\clc-2324\clc-2324\x64\debug\clc-2324.tlog\link.20412.write.1.tlog
c:\users\asus\desktop\ktlt-decuoiki\clc-2324\clc-2324\x64\debug\clc-2324.tlog\link.command.1.tlog
c:\users\asus\desktop\ktlt-decuoiki\clc-2324\clc-2324\x64\debug\clc-2324.tlog\link.read.1.tlog
c:\users\asus\desktop\ktlt-decuoiki\clc-2324\clc-2324\x64\debug\clc-2324.tlog\link.secondary.1.tlog
c:\users\asus\desktop\ktlt-decuoiki\clc-2324\clc-2324\x64\debug\clc-2324.tlog\link.write.1.tlog
